[2021-11-30 23:29:21.617] [exthost] [info] Extension host with pid 629 started
[2021-11-30 23:29:21.975] [exthost] [info] ExtensionService#_doActivateExtension vscode.microsoft-authentication, startup: false, activationEvent: 'onAuthenticationRequest:microsoft'
[2021-11-30 23:29:22.162] [exthost] [info] ExtensionService#_doActivateExtension vscode.debug-auto-launch, startup: true, activationEvent: '*'
[2021-11-30 23:29:22.204] [exthost] [info] ExtensionService#_doActivateExtension vscode.git, startup: true, activationEvent: '*', root cause: vscode.github
[2021-11-30 23:29:23.189] [exthost] [info] ExtensionService#_doActivateExtension vscode.github, startup: true, activationEvent: '*'
[2021-11-30 23:29:23.328] [exthost] [info] ExtensionService#_doActivateExtension vscode.github-authentication, startup: false, activationEvent: 'onAuthenticationRequest:github'
[2021-11-30 23:29:23.477] [exthost] [info] Eager extensions activated
[2021-11-30 23:29:23.533] [exthost] [info] ExtensionService#_doActivateExtension vscode.merge-conflict, startup: false, activationEvent: 'onStartupFinished'
[2021-11-30 23:29:38.898] [exthost] [info] extension host terminating: renderer closed the socket
[2021-11-30 23:29:39.920] [exthost] [info] Extension host with pid 629 exiting with code 0
[2021-11-30 23:29:44.344] [exthost] [info] Extension host with pid 713 started
[2021-11-30 23:29:44.344] [exthost] [info] Skipping acquiring lock for /home/salazarylizanicole/.config/Code/User/workspaceStorage/ecdd99debba624e3ef33af74f4c7d201.
[2021-11-30 23:29:44.837] [exthost] [info] ExtensionService#_doActivateExtension vscode.microsoft-authentication, startup: false, activationEvent: 'onAuthenticationRequest:microsoft'
[2021-11-30 23:29:44.868] [exthost] [info] ExtensionService#_doActivateExtension vscode.debug-auto-launch, startup: true, activationEvent: '*'
[2021-11-30 23:29:44.873] [exthost] [info] ExtensionService#_doActivateExtension vscode.git, startup: true, activationEvent: '*', root cause: vscode.github
[2021-11-30 23:29:45.376] [exthost] [info] ExtensionService#_doActivateExtension vscode.github, startup: true, activationEvent: '*'
[2021-11-30 23:29:45.528] [exthost] [info] Eager extensions activated
[2021-11-30 23:29:45.594] [exthost] [warning] [Decorations] CAPPING events from decorations provider vscode.git 281
[2021-11-30 23:29:45.609] [exthost] [info] ExtensionService#_doActivateExtension vscode.github-authentication, startup: false, activationEvent: 'onAuthenticationRequest:github'
[2021-11-30 23:29:45.637] [exthost] [info] ExtensionService#_doActivateExtension vscode.merge-conflict, startup: false, activationEvent: 'onStartupFinished'
[2021-11-30 23:29:52.944] [exthost] [warning] [Decorations] CAPPING events from decorations provider vscode.git 298
[2021-11-30 23:33:35.200] [exthost] [info] ExtensionService#_doActivateExtension ms-toolsai.jupyter, startup: false, activationEvent: 'onLanguage:python'
[2021-11-30 23:33:35.971] [exthost] [info] ExtensionService#_doActivateExtension ms-python.python, startup: false, activationEvent: 'onLanguage:python'
[2021-11-30 23:33:37.419] [exthost] [info] ExtensionService#_doActivateExtension ms-toolsai.jupyter-renderers, startup: false, activationEvent: 'api', root cause: ms-toolsai.jupyter
[2021-11-30 23:33:38.913] [exthost] [info] ExtensionService#_doActivateExtension ms-python.vscode-pylance, startup: false, activationEvent: 'onLanguage:python'
[2021-11-30 23:33:43.986] [exthost] [error] [ms-python.python] provider FAILED
[2021-11-30 23:33:43.987] [exthost] [error] Canceled: Canceled
	at S.makeCancelError (/home/salazarylizanicole/.vscode/extensions/ms-python.python-2021.11.1422169775/out/client/extension.js:9:151015)
	at S.handleFailedRequest (/home/salazarylizanicole/.vscode/extensions/ms-python.python-2021.11.1422169775/out/client/extension.js:9:150866)
	at /home/salazarylizanicole/.vscode/extensions/ms-python.python-2021.11.1422169775/out/client/extension.js:9:115854
	at async s.provideDocumentSymbols (/usr/share/code/resources/app/out/vs/workbench/services/extensions/node/extensionHostProcess.js:94:167312)
[2021-11-30 23:33:43.993] [exthost] [error] [ms-python.python] provider FAILED
[2021-11-30 23:33:44.004] [exthost] [error] Canceled: Canceled
	at S.makeCancelError (/home/salazarylizanicole/.vscode/extensions/ms-python.python-2021.11.1422169775/out/client/extension.js:9:151015)
	at S.handleFailedRequest (/home/salazarylizanicole/.vscode/extensions/ms-python.python-2021.11.1422169775/out/client/extension.js:9:150866)
	at /home/salazarylizanicole/.vscode/extensions/ms-python.python-2021.11.1422169775/out/client/extension.js:9:118727
	at async A.provideCodeActions (/usr/share/code/resources/app/out/vs/workbench/services/extensions/node/extensionHostProcess.js:94:172824)
[2021-11-30 23:33:44.005] [exthost] [error] [ms-python.python] provider FAILED
[2021-11-30 23:33:44.005] [exthost] [error] Canceled: Canceled
	at S.makeCancelError (/home/salazarylizanicole/.vscode/extensions/ms-python.python-2021.11.1422169775/out/client/extension.js:9:151015)
	at S.handleFailedRequest (/home/salazarylizanicole/.vscode/extensions/ms-python.python-2021.11.1422169775/out/client/extension.js:9:150866)
	at /home/salazarylizanicole/.vscode/extensions/ms-python.python-2021.11.1422169775/out/client/extension.js:9:115854
	at runNextTicks (internal/process/task_queues.js:58:5)
	at processImmediate (internal/timers.js:434:9)
	at async s.provideDocumentSymbols (/usr/share/code/resources/app/out/vs/workbench/services/extensions/node/extensionHostProcess.js:94:167312)
[2021-11-30 23:33:44.007] [exthost] [error] [ms-python.python] provider FAILED
[2021-11-30 23:33:44.007] [exthost] [error] Canceled: Canceled
	at S.makeCancelError (/home/salazarylizanicole/.vscode/extensions/ms-python.python-2021.11.1422169775/out/client/extension.js:9:151015)
	at S.handleFailedRequest (/home/salazarylizanicole/.vscode/extensions/ms-python.python-2021.11.1422169775/out/client/extension.js:9:150866)
	at /home/salazarylizanicole/.vscode/extensions/ms-python.python-2021.11.1422169775/out/client/extension.js:52:335369
	at async U.provideDocumentRangeSemanticTokens (/usr/share/code/resources/app/out/vs/workbench/services/extensions/node/extensionHostProcess.js:94:180425)
[2021-11-30 23:33:44.014] [exthost] [error] [ms-python.python] provider FAILED
[2021-11-30 23:33:44.014] [exthost] [error] Canceled: Canceled
	at S.makeCancelError (/home/salazarylizanicole/.vscode/extensions/ms-python.python-2021.11.1422169775/out/client/extension.js:9:151015)
	at S.handleFailedRequest (/home/salazarylizanicole/.vscode/extensions/ms-python.python-2021.11.1422169775/out/client/extension.js:9:150866)
	at /home/salazarylizanicole/.vscode/extensions/ms-python.python-2021.11.1422169775/out/client/extension.js:9:115854
	at async s.provideDocumentSymbols (/usr/share/code/resources/app/out/vs/workbench/services/extensions/node/extensionHostProcess.js:94:167312)
[2021-11-30 23:33:44.032] [exthost] [error] [ms-python.python] provider FAILED
[2021-11-30 23:33:44.032] [exthost] [error] TypeError: Cannot read property 'length' of undefined
	at /home/salazarylizanicole/.vscode/extensions/ms-python.python-2021.11.1422169775/out/client/extension.js:52:353150
	at h (/home/salazarylizanicole/.vscode/extensions/ms-python.python-2021.11.1422169775/out/client/extension.js:52:358146)
	at async x.provideCompletionItems (/usr/share/code/resources/app/out/vs/workbench/services/extensions/node/extensionHostProcess.js:94:181124)
[2021-11-30 23:33:44.036] [exthost] [error] [ms-python.python] provider FAILED
[2021-11-30 23:33:44.037] [exthost] [error] Canceled: Canceled
	at S.makeCancelError (/home/salazarylizanicole/.vscode/extensions/ms-python.python-2021.11.1422169775/out/client/extension.js:9:151015)
	at S.handleFailedRequest (/home/salazarylizanicole/.vscode/extensions/ms-python.python-2021.11.1422169775/out/client/extension.js:9:150866)
	at /home/salazarylizanicole/.vscode/extensions/ms-python.python-2021.11.1422169775/out/client/extension.js:52:335369
	at async U.provideDocumentRangeSemanticTokens (/usr/share/code/resources/app/out/vs/workbench/services/extensions/node/extensionHostProcess.js:94:180425)
[2021-11-30 23:33:44.760] [exthost] [error] [ms-python.python] provider FAILED
[2021-11-30 23:33:44.764] [exthost] [error] Canceled: Canceled
	at S.makeCancelError (/home/salazarylizanicole/.vscode/extensions/ms-python.python-2021.11.1422169775/out/client/extension.js:9:151015)
	at S.handleFailedRequest (/home/salazarylizanicole/.vscode/extensions/ms-python.python-2021.11.1422169775/out/client/extension.js:9:150866)
	at /home/salazarylizanicole/.vscode/extensions/ms-python.python-2021.11.1422169775/out/client/extension.js:52:335369
	at async U.provideDocumentRangeSemanticTokens (/usr/share/code/resources/app/out/vs/workbench/services/extensions/node/extensionHostProcess.js:94:180425)
[2021-11-30 23:33:44.765] [exthost] [error] [ms-python.python] provider FAILED
[2021-11-30 23:33:44.766] [exthost] [error] Canceled: Canceled
	at S.makeCancelError (/home/salazarylizanicole/.vscode/extensions/ms-python.python-2021.11.1422169775/out/client/extension.js:9:151015)
	at S.handleFailedRequest (/home/salazarylizanicole/.vscode/extensions/ms-python.python-2021.11.1422169775/out/client/extension.js:9:150866)
	at /home/salazarylizanicole/.vscode/extensions/ms-python.python-2021.11.1422169775/out/client/extension.js:9:118727
	at runNextTicks (internal/process/task_queues.js:58:5)
	at processImmediate (internal/timers.js:434:9)
	at async A.provideCodeActions (/usr/share/code/resources/app/out/vs/workbench/services/extensions/node/extensionHostProcess.js:94:172824)
[2021-11-30 23:33:44.769] [exthost] [error] [ms-python.python] provider FAILED
[2021-11-30 23:33:44.769] [exthost] [error] Canceled: Canceled
	at S.makeCancelError (/home/salazarylizanicole/.vscode/extensions/ms-python.python-2021.11.1422169775/out/client/extension.js:9:151015)
	at S.handleFailedRequest (/home/salazarylizanicole/.vscode/extensions/ms-python.python-2021.11.1422169775/out/client/extension.js:9:150866)
	at /home/salazarylizanicole/.vscode/extensions/ms-python.python-2021.11.1422169775/out/client/extension.js:52:335369
	at async U.provideDocumentRangeSemanticTokens (/usr/share/code/resources/app/out/vs/workbench/services/extensions/node/extensionHostProcess.js:94:180425)
[2021-11-30 23:33:44.770] [exthost] [error] [ms-python.python] provider FAILED
[2021-11-30 23:33:44.770] [exthost] [error] Canceled: Canceled
	at S.makeCancelError (/home/salazarylizanicole/.vscode/extensions/ms-python.python-2021.11.1422169775/out/client/extension.js:9:151015)
	at S.handleFailedRequest (/home/salazarylizanicole/.vscode/extensions/ms-python.python-2021.11.1422169775/out/client/extension.js:9:150866)
	at /home/salazarylizanicole/.vscode/extensions/ms-python.python-2021.11.1422169775/out/client/extension.js:52:335369
	at runNextTicks (internal/process/task_queues.js:58:5)
	at processImmediate (internal/timers.js:434:9)
	at async U.provideDocumentRangeSemanticTokens (/usr/share/code/resources/app/out/vs/workbench/services/extensions/node/extensionHostProcess.js:94:180425)
[2021-11-30 23:33:44.779] [exthost] [error] [ms-python.python] provider FAILED
[2021-11-30 23:33:44.779] [exthost] [error] Canceled: Canceled
	at S.makeCancelError (/home/salazarylizanicole/.vscode/extensions/ms-python.python-2021.11.1422169775/out/client/extension.js:9:151015)
	at S.handleFailedRequest (/home/salazarylizanicole/.vscode/extensions/ms-python.python-2021.11.1422169775/out/client/extension.js:9:150866)
	at /home/salazarylizanicole/.vscode/extensions/ms-python.python-2021.11.1422169775/out/client/extension.js:52:335369
	at async U.provideDocumentRangeSemanticTokens (/usr/share/code/resources/app/out/vs/workbench/services/extensions/node/extensionHostProcess.js:94:180425)
[2021-11-30 23:33:44.779] [exthost] [error] [ms-python.python] provider FAILED
[2021-11-30 23:33:44.780] [exthost] [error] Canceled: Canceled
	at S.makeCancelError (/home/salazarylizanicole/.vscode/extensions/ms-python.python-2021.11.1422169775/out/client/extension.js:9:151015)
	at S.handleFailedRequest (/home/salazarylizanicole/.vscode/extensions/ms-python.python-2021.11.1422169775/out/client/extension.js:9:150866)
	at /home/salazarylizanicole/.vscode/extensions/ms-python.python-2021.11.1422169775/out/client/extension.js:9:118727
	at runNextTicks (internal/process/task_queues.js:58:5)
	at processImmediate (internal/timers.js:434:9)
	at async A.provideCodeActions (/usr/share/code/resources/app/out/vs/workbench/services/extensions/node/extensionHostProcess.js:94:172824)
[2021-11-30 23:33:48.218] [exthost] [error] [ms-python.python] provider FAILED
[2021-11-30 23:33:48.227] [exthost] [error] Canceled: Canceled
	at S.makeCancelError (/home/salazarylizanicole/.vscode/extensions/ms-python.python-2021.11.1422169775/out/client/extension.js:9:151015)
	at S.handleFailedRequest (/home/salazarylizanicole/.vscode/extensions/ms-python.python-2021.11.1422169775/out/client/extension.js:9:150866)
	at /home/salazarylizanicole/.vscode/extensions/ms-python.python-2021.11.1422169775/out/client/extension.js:9:118727
	at async A.provideCodeActions (/usr/share/code/resources/app/out/vs/workbench/services/extensions/node/extensionHostProcess.js:94:172824)
[2021-11-30 23:33:48.228] [exthost] [error] [ms-python.python] provider FAILED
[2021-11-30 23:33:48.228] [exthost] [error] Canceled: Canceled
	at S.makeCancelError (/home/salazarylizanicole/.vscode/extensions/ms-python.python-2021.11.1422169775/out/client/extension.js:9:151015)
	at S.handleFailedRequest (/home/salazarylizanicole/.vscode/extensions/ms-python.python-2021.11.1422169775/out/client/extension.js:9:150866)
	at /home/salazarylizanicole/.vscode/extensions/ms-python.python-2021.11.1422169775/out/client/extension.js:9:110020
	at runNextTicks (internal/process/task_queues.js:58:5)
	at processImmediate (internal/timers.js:434:9)
	at async x.provideCompletionItems (/usr/share/code/resources/app/out/vs/workbench/services/extensions/node/extensionHostProcess.js:94:181124)
[2021-11-30 23:33:48.230] [exthost] [error] [ms-python.python] provider FAILED
[2021-11-30 23:33:48.230] [exthost] [error] Canceled: Canceled
	at S.makeCancelError (/home/salazarylizanicole/.vscode/extensions/ms-python.python-2021.11.1422169775/out/client/extension.js:9:151015)
	at S.handleFailedRequest (/home/salazarylizanicole/.vscode/extensions/ms-python.python-2021.11.1422169775/out/client/extension.js:9:150866)
	at /home/salazarylizanicole/.vscode/extensions/ms-python.python-2021.11.1422169775/out/client/extension.js:9:118727
	at async A.provideCodeActions (/usr/share/code/resources/app/out/vs/workbench/services/extensions/node/extensionHostProcess.js:94:172824)
[2021-11-30 23:37:04.058] [exthost] [error] [ms-python.python] provider FAILED
[2021-11-30 23:37:04.058] [exthost] [error] Canceled: Canceled
	at S.makeCancelError (/home/salazarylizanicole/.vscode/extensions/ms-python.python-2021.11.1422169775/out/client/extension.js:9:151015)
	at S.handleFailedRequest (/home/salazarylizanicole/.vscode/extensions/ms-python.python-2021.11.1422169775/out/client/extension.js:9:150866)
	at /home/salazarylizanicole/.vscode/extensions/ms-python.python-2021.11.1422169775/out/client/extension.js:9:118727
	at async A.provideCodeActions (/usr/share/code/resources/app/out/vs/workbench/services/extensions/node/extensionHostProcess.js:94:172824)
[2021-11-30 23:37:35.022] [exthost] [error] [ms-python.python] provider FAILED
[2021-11-30 23:37:35.033] [exthost] [error] Canceled: Canceled
	at S.makeCancelError (/home/salazarylizanicole/.vscode/extensions/ms-python.python-2021.11.1422169775/out/client/extension.js:9:151015)
	at S.handleFailedRequest (/home/salazarylizanicole/.vscode/extensions/ms-python.python-2021.11.1422169775/out/client/extension.js:9:150866)
	at /home/salazarylizanicole/.vscode/extensions/ms-python.python-2021.11.1422169775/out/client/extension.js:9:118727
	at async A.provideCodeActions (/usr/share/code/resources/app/out/vs/workbench/services/extensions/node/extensionHostProcess.js:94:172824)
[2021-11-30 23:37:52.790] [exthost] [warning] [Decorations] CAPPING events from decorations provider vscode.git 6409
[2021-11-30 23:38:40.644] [exthost] [info] extension host terminating: renderer closed the socket
[2021-11-30 23:38:41.793] [exthost] [info] Extension host with pid 713 exiting with code 0
