[2021-11-30 23:33:00.294] [sharedprocess] [info] Installing extension: ms-python.python
[2021-11-30 23:33:06.011] [sharedprocess] [info] Installing extension: ms-toolsai.jupyter
[2021-11-30 23:33:06.011] [sharedprocess] [info] Installing extension: ms-toolsai.jupyter-keymap
[2021-11-30 23:33:06.012] [sharedprocess] [info] Installing extension: ms-toolsai.jupyter-renderers
[2021-11-30 23:33:06.012] [sharedprocess] [info] Installing extension: ms-python.vscode-pylance
[2021-11-30 23:33:10.055] [sharedprocess] [info] Downloaded extension: ms-toolsai.jupyter-keymap /home/salazarylizanicole/.config/Code/CachedExtensionVSIXs/ms-toolsai.jupyter-keymap-1.0.0
[2021-11-30 23:33:10.248] [sharedprocess] [info] Downloaded extension: ms-toolsai.jupyter-renderers /home/salazarylizanicole/.config/Code/CachedExtensionVSIXs/ms-toolsai.jupyter-renderers-1.0.3
[2021-11-30 23:33:10.580] [sharedprocess] [info] Extracted extension to /home/salazarylizanicole/.vscode/extensions/.380ac5d2-2542-4813-a183-df2558351b63: ms-toolsai.jupyter-keymap
[2021-11-30 23:33:10.658] [sharedprocess] [info] Renamed to /home/salazarylizanicole/.vscode/extensions/ms-toolsai.jupyter-keymap-1.0.0
[2021-11-30 23:33:10.691] [sharedprocess] [info] Extracting completed. ms-toolsai.jupyter-keymap
[2021-11-30 23:33:11.306] [sharedprocess] [info] Downloaded extension: ms-toolsai.jupyter /home/salazarylizanicole/.config/Code/CachedExtensionVSIXs/ms-toolsai.jupyter-2021.10.1101450599
[2021-11-30 23:33:11.468] [sharedprocess] [info] Downloaded extension: ms-python.python /home/salazarylizanicole/.config/Code/CachedExtensionVSIXs/ms-python.python-2021.11.1422169775
[2021-11-30 23:33:13.033] [sharedprocess] [info] Extracted extension to /home/salazarylizanicole/.vscode/extensions/.d5693de4-36ae-4b8e-a2c3-890da22f4100: ms-toolsai.jupyter-renderers
[2021-11-30 23:33:13.129] [sharedprocess] [info] Renamed to /home/salazarylizanicole/.vscode/extensions/ms-toolsai.jupyter-renderers-1.0.3
[2021-11-30 23:33:13.150] [sharedprocess] [info] Extracting completed. ms-toolsai.jupyter-renderers
[2021-11-30 23:33:15.769] [sharedprocess] [info] Extracted extension to /home/salazarylizanicole/.vscode/extensions/.e2a54c97-ed33-400a-9a1e-905bfac2b231: ms-toolsai.jupyter
[2021-11-30 23:33:15.838] [sharedprocess] [info] Renamed to /home/salazarylizanicole/.vscode/extensions/ms-toolsai.jupyter-2021.10.1101450599
[2021-11-30 23:33:15.851] [sharedprocess] [info] Extracting completed. ms-toolsai.jupyter
[2021-11-30 23:33:20.667] [sharedprocess] [info] Extracted extension to /home/salazarylizanicole/.vscode/extensions/.2d825562-13a9-42c1-a22b-ee71732c0a7e: ms-python.python
[2021-11-30 23:33:20.708] [sharedprocess] [info] Renamed to /home/salazarylizanicole/.vscode/extensions/ms-python.python-2021.11.1422169775
[2021-11-30 23:33:20.714] [sharedprocess] [info] Extracting completed. ms-python.python
[2021-11-30 23:33:25.526] [sharedprocess] [info] Downloaded extension: ms-python.vscode-pylance /home/salazarylizanicole/.config/Code/CachedExtensionVSIXs/ms-python.vscode-pylance-2021.11.2
[2021-11-30 23:33:33.956] [sharedprocess] [info] Extracted extension to /home/salazarylizanicole/.vscode/extensions/.a35972bc-247b-4a94-bf21-c153fb2c166f: ms-python.vscode-pylance
[2021-11-30 23:33:33.998] [sharedprocess] [info] Renamed to /home/salazarylizanicole/.vscode/extensions/ms-python.vscode-pylance-2021.11.2
[2021-11-30 23:33:34.001] [sharedprocess] [info] Extracting completed. ms-python.vscode-pylance
[2021-11-30 23:33:34.017] [sharedprocess] [info] Extension installed successfully: ms-toolsai.jupyter-keymap
[2021-11-30 23:33:34.019] [sharedprocess] [info] Extension installed successfully: ms-toolsai.jupyter-renderers
[2021-11-30 23:33:34.020] [sharedprocess] [info] Extension installed successfully: ms-toolsai.jupyter
[2021-11-30 23:33:34.021] [sharedprocess] [info] Extension installed successfully: ms-python.python
[2021-11-30 23:33:34.022] [sharedprocess] [info] Extension installed successfully: ms-python.vscode-pylance
