Info 2021-11-30 23:39:03: Experimentation service retrieved: [object Object]
User belongs to experiment group 'jupyterTestcf'
User belongs to experiment group 'jupyterEnhancedDataViewer'
Info 2021-11-30 23:39:03: ZMQ install verified.
Info 2021-11-30 23:39:06: Experiment status for python is {"enabled":true,"optInto":[],"optOutFrom":[]}
Info 2021-11-30 23:39:08: Process Execution: > /usr/bin/python3 -m pip list
> /usr/bin/python3 -m pip list
Info 2021-11-30 23:39:08: Process Execution: > /usr/bin/python3 -m pip list
> /usr/bin/python3 -m pip list
Info 2021-11-30 23:39:08: Process Execution: > /usr/bin/python3 -c "import jupyter"
> /usr/bin/python3 -c "import jupyter"
Info 2021-11-30 23:39:08: Process Execution: > /usr/bin/python3 -c "import jupyter"
> /usr/bin/python3 -c "import jupyter"
Info 2021-11-30 23:39:08: Process Execution: > /usr/bin/python3 -c "import notebook"
> /usr/bin/python3 -c "import notebook"
Info 2021-11-30 23:39:08: Process Execution: > /usr/bin/python3 -c "import notebook"
> /usr/bin/python3 -c "import notebook"
Info 2021-11-30 23:39:25: Shutting down notebooks for 694fab14-8f56-47b0-871b-915b70b354e4
Info 2021-11-30 23:39:25: Disposing HostJupyterExecution 50dd8c6a-e5b5-4624-a7dd-d5a8fec3465c
Info 2021-11-30 23:39:25: Disposing super HostJupyterExecution 50dd8c6a-e5b5-4624-a7dd-d5a8fec3465c
Info 2021-11-30 23:39:25: Disposing HostJupyterExecution 50dd8c6a-e5b5-4624-a7dd-d5a8fec3465c
Info 2021-11-30 23:39:25: Finished disposing HostJupyterExecution  50dd8c6a-e5b5-4624-a7dd-d5a8fec3465c
Info 2021-11-30 23:39:25: Cleaning up server cache 50dd8c6a-e5b5-4624-a7dd-d5a8fec3465c
Info 2021-11-30 23:39:25: Finished disposing HostJupyterExecution  50dd8c6a-e5b5-4624-a7dd-d5a8fec3465c
